<?xml version="1.0" encoding="UTF-8"?>
<!-- Generated by org.testng.reporters.JUnitReportReporter -->
<testsuite skipped="0" hostname="Mano" name="org.parallel.B" tests="9" failures="0" timestamp="05 Mar 2021 13:19:15 GMT" time="0.072" errors="0">
  <testcase name="testB1" time="0.000" classname="org.parallel.B"/>
  <testcase name="testB2" time="0.000" classname="org.parallel.B"/>
  <testcase name="testB3" time="0.016" classname="org.parallel.B"/>
  <testcase name="testB3" time="0.016" classname="org.parallel.B"/>
  <testcase name="testB2" time="0.016" classname="org.parallel.B"/>
  <testcase name="testB3" time="0.000" classname="org.parallel.B"/>
  <testcase name="testB1" time="0.000" classname="org.parallel.B"/>
  <testcase name="testB2" time="0.008" classname="org.parallel.B"/>
  <testcase name="testB1" time="0.016" classname="org.parallel.B"/>
</testsuite> <!-- org.parallel.B -->
