<?xml version="1.0" encoding="UTF-8"?>
<!-- Generated by org.testng.reporters.JUnitReportReporter -->
<testsuite skipped="1" hostname="Mano" name="org.test.Sample" tests="7" failures="0" timestamp="07 Mar 2021 09:08:25 GMT" time="0.032" errors="0">
  <testcase name="test3" time="0.016" classname="org.test.Sample"/>
  <testcase name="test1" time="0.008" classname="org.test.Sample"/>
  <testcase name="test1" time="0.000" classname="org.test.Sample"/>
  <testcase name="test1" time="0.008" classname="org.test.Sample"/>
  <testcase name="test1" time="0.000" classname="org.test.Sample"/>
  <testcase name="test1" time="0.000" classname="org.test.Sample"/>
  <testcase name="test2" classname="org.test.Sample">
    <skipped/>
  </testcase> <!-- test2 -->
</testsuite> <!-- org.test.Sample -->
