<?xml version="1.0" encoding="UTF-8"?>
<!-- Generated by org.testng.reporters.JUnitReportReporter -->
<testsuite skipped="0" hostname="Mano" name="org.parallel.A" tests="9" failures="0" timestamp="05 Mar 2021 13:19:15 GMT" time="0.089" errors="0">
  <testcase name="testA2" time="0.000" classname="org.parallel.A"/>
  <testcase name="testA3" time="0.008" classname="org.parallel.A"/>
  <testcase name="testA2" time="0.000" classname="org.parallel.A"/>
  <testcase name="testA3" time="0.008" classname="org.parallel.A"/>
  <testcase name="testA1" time="0.019" classname="org.parallel.A"/>
  <testcase name="testA1" time="0.019" classname="org.parallel.A"/>
  <testcase name="testA1" time="0.019" classname="org.parallel.A"/>
  <testcase name="testA2" time="0.008" classname="org.parallel.A"/>
  <testcase name="testA3" time="0.008" classname="org.parallel.A"/>
</testsuite> <!-- org.parallel.A -->
