<?xml version="1.0" encoding="UTF-8"?>
<!-- Generated by org.testng.reporters.JUnitReportReporter -->
<testsuite skipped="0" hostname="Mano" name="org.dataproviders.Facebook" tests="4" failures="0" timestamp="03 Mar 2021 12:30:18 GMT" time="6.344" errors="0">
  <testcase name="test1" time="0.856" classname="org.dataproviders.Facebook"/>
  <testcase name="test1" time="1.025" classname="org.dataproviders.Facebook"/>
  <testcase name="test2" time="0.008" classname="org.dataproviders.Facebook"/>
  <testcase name="test1" time="4.455" classname="org.dataproviders.Facebook"/>
</testsuite> <!-- org.dataproviders.Facebook -->
