<?xml version="1.0" encoding="UTF-8"?>
<!-- Generated by org.testng.reporters.JUnitReportReporter -->
<testsuite skipped="0" hostname="Mano" name="org.parallel.C" tests="9" failures="0" timestamp="05 Mar 2021 13:19:15 GMT" time="0.032" errors="0">
  <testcase name="testC3" time="0.000" classname="org.parallel.C"/>
  <testcase name="testC3" time="0.000" classname="org.parallel.C"/>
  <testcase name="testC2" time="0.000" classname="org.parallel.C"/>
  <testcase name="testC2" time="0.000" classname="org.parallel.C"/>
  <testcase name="testC1" time="0.000" classname="org.parallel.C"/>
  <testcase name="testC1" time="0.024" classname="org.parallel.C"/>
  <testcase name="testC2" time="0.000" classname="org.parallel.C"/>
  <testcase name="testC3" time="0.008" classname="org.parallel.C"/>
  <testcase name="testC1" time="0.000" classname="org.parallel.C"/>
</testsuite> <!-- org.parallel.C -->
