<?xml version="1.0" encoding="UTF-8"?>
<!-- Generated by org.testng.reporters.JUnitReportReporter -->
<testsuite skipped="0" hostname="Mano" name="org.dataproviders.A" tests="2" failures="0" timestamp="03 Mar 2021 12:31:55 GMT" time="0.016" errors="0">
  <testcase name="testA1" time="0.016" classname="org.dataproviders.A"/>
  <testcase name="testA1" time="0.000" classname="org.dataproviders.A"/>
</testsuite> <!-- org.dataproviders.A -->
