<?xml version="1.0" encoding="UTF-8"?>
<!-- Generated by org.testng.reporters.JUnitReportReporter -->
<testsuite skipped="0" hostname="Mano" name="org.parameters.Sample" tests="3" failures="0" timestamp="26 Feb 2021 13:03:44 GMT" time="0.016" errors="0">
  <testcase name="testA2" time="0.000" classname="org.parameters.Sample"/>
  <testcase name="testA3" time="0.008" classname="org.parameters.Sample"/>
  <testcase name="testA1" time="0.008" classname="org.parameters.Sample"/>
</testsuite> <!-- org.parameters.Sample -->
